<?xml version="1.0" encoding="UTF-8"?>
<!-- Generated by org.testng.reporters.JUnitReportReporter -->
<testsuite hostname="SRIKRISHNA" failures="0" tests="2" name="com.automation.TC_003_AddRemoveCart" time="9.488" errors="0" timestamp="2024-11-21T08:37:30 IST" skipped="0">
  <testcase classname="com.automation.TC_003_AddRemoveCart" name="addToCart" time="4.858"/>
  <testcase classname="com.automation.TC_003_AddRemoveCart" name="addRemoeCart" time="4.630"/>
</testsuite> <!-- com.automation.TC_003_AddRemoveCart -->
