<?xml version="1.0" encoding="UTF-8"?>
<!-- Generated by org.testng.reporters.JUnitReportReporter -->
<testsuite hostname="SRIKRISHNA" failures="0" tests="1" name="com.automation.TC_002_AddRemoveCart" time="19.479" errors="0" timestamp="2024-11-20T08:58:06 IST" skipped="0">
  <testcase classname="com.automation.TC_002_AddRemoveCart" name="addRemoeCart" time="19.479"/>
</testsuite> <!-- com.automation.TC_002_AddRemoveCart -->
