<?xml version="1.0" encoding="UTF-8"?>
<!-- Generated by org.testng.reporters.JUnitReportReporter -->
<testsuite hostname="SRIKRISHNA" failures="0" tests="1" name="com.automation.TC_005_AssertTest" time="32.905" errors="0" timestamp="2024-11-21T17:12:15 IST" skipped="0">
  <testcase classname="com.automation.TC_005_AssertTest" name="test" time="32.905"/>
</testsuite> <!-- com.automation.TC_005_AssertTest -->
