<?xml version="1.0" encoding="UTF-8"?>
<!-- Generated by org.testng.reporters.JUnitReportReporter -->
<testsuite hostname="SRIKRISHNA" failures="0" tests="2" name="com.automation.TC_001_AddToCart" time="15.989" errors="0" timestamp="2024-11-23T08:13:27 IST" skipped="0">
  <testcase classname="com.automation.TC_001_AddToCart" name="addToCart" time="7.134"/>
  <testcase classname="com.automation.TC_001_AddToCart" name="addToCart" time="8.855"/>
</testsuite> <!-- com.automation.TC_001_AddToCart -->
