<?xml version="1.0" encoding="UTF-8"?>
<!-- Generated by org.testng.reporters.JUnitReportReporter -->
<testsuite hostname="SRIKRISHNA" failures="0" tests="2" name="com.automation.TestRunner" time="32.981" errors="0" timestamp="2024-11-22T09:22:43 IST" skipped="0">
  <testcase classname="com.automation.TestRunner" name="runScenario" time="16.306"/>
  <testcase classname="com.automation.TestRunner" name="runScenario" time="16.675"/>
</testsuite> <!-- com.automation.TestRunner -->
